mode: set
distributed-inventory-management/pkg/inventory/database.go:33.52,35.16 2 1
distributed-inventory-management/pkg/inventory/database.go:35.16,37.3 1 0
distributed-inventory-management/pkg/inventory/database.go:39.2,39.51 1 1
distributed-inventory-management/pkg/inventory/database.go:39.51,41.3 1 0
distributed-inventory-management/pkg/inventory/database.go:43.2,48.46 2 1
distributed-inventory-management/pkg/inventory/database.go:48.46,51.3 2 0
distributed-inventory-management/pkg/inventory/database.go:53.2,53.22 1 1
distributed-inventory-management/pkg/inventory/database.go:56.47,57.62 1 1
distributed-inventory-management/pkg/inventory/database.go:57.62,59.3 1 0
distributed-inventory-management/pkg/inventory/database.go:61.2,61.64 1 1
distributed-inventory-management/pkg/inventory/database.go:61.64,63.3 1 0
distributed-inventory-management/pkg/inventory/database.go:65.2,65.12 1 1
distributed-inventory-management/pkg/inventory/database.go:69.39,80.2 3 1
distributed-inventory-management/pkg/inventory/database.go:83.34,85.2 1 1
distributed-inventory-management/pkg/inventory/database.go:88.61,98.2 5 1
distributed-inventory-management/pkg/inventory/database.go:101.73,118.26 6 1
distributed-inventory-management/pkg/inventory/database.go:118.26,120.3 1 1
distributed-inventory-management/pkg/inventory/database.go:122.2,122.18 1 1
distributed-inventory-management/pkg/inventory/database.go:126.66,136.16 5 1
distributed-inventory-management/pkg/inventory/database.go:136.16,138.3 1 0
distributed-inventory-management/pkg/inventory/database.go:139.2,142.18 3 1
distributed-inventory-management/pkg/inventory/database.go:142.18,150.17 3 1
distributed-inventory-management/pkg/inventory/database.go:150.17,152.4 1 0
distributed-inventory-management/pkg/inventory/database.go:153.3,153.30 1 1
distributed-inventory-management/pkg/inventory/database.go:156.2,156.26 1 1
distributed-inventory-management/pkg/inventory/database.go:164.59,165.19 1 1
distributed-inventory-management/pkg/inventory/database.go:165.19,167.3 1 0
distributed-inventory-management/pkg/inventory/database.go:169.2,173.16 4 1
distributed-inventory-management/pkg/inventory/database.go:173.16,175.3 1 0
distributed-inventory-management/pkg/inventory/database.go:176.2,185.16 3 1
distributed-inventory-management/pkg/inventory/database.go:185.16,187.3 1 0
distributed-inventory-management/pkg/inventory/database.go:189.2,190.16 2 1
distributed-inventory-management/pkg/inventory/database.go:190.16,192.3 1 0
distributed-inventory-management/pkg/inventory/database.go:194.2,194.23 1 1
distributed-inventory-management/pkg/inventory/database.go:194.23,197.17 2 1
distributed-inventory-management/pkg/inventory/database.go:197.17,199.4 1 0
distributed-inventory-management/pkg/inventory/database.go:200.3,200.29 1 1
distributed-inventory-management/pkg/inventory/database.go:204.2,205.16 2 1
distributed-inventory-management/pkg/inventory/database.go:205.16,207.3 1 0
distributed-inventory-management/pkg/inventory/database.go:210.2,210.36 1 1
distributed-inventory-management/pkg/inventory/database.go:210.36,212.3 1 0
distributed-inventory-management/pkg/inventory/database.go:214.2,214.27 1 1
distributed-inventory-management/pkg/inventory/database.go:218.89,232.26 4 1
distributed-inventory-management/pkg/inventory/database.go:232.26,234.3 1 0
distributed-inventory-management/pkg/inventory/database.go:236.2,236.18 1 1
distributed-inventory-management/pkg/inventory/handlers.go:20.40,22.2 1 1
distributed-inventory-management/pkg/inventory/handlers.go:25.74,30.16 4 1
distributed-inventory-management/pkg/inventory/handlers.go:30.16,31.36 1 1
distributed-inventory-management/pkg/inventory/handlers.go:31.36,34.4 2 1
distributed-inventory-management/pkg/inventory/handlers.go:35.3,36.9 2 0
distributed-inventory-management/pkg/inventory/handlers.go:39.2,39.26 1 1
distributed-inventory-management/pkg/inventory/handlers.go:43.78,45.16 2 1
distributed-inventory-management/pkg/inventory/handlers.go:45.16,48.3 2 0
distributed-inventory-management/pkg/inventory/handlers.go:50.2,51.30 2 1
distributed-inventory-management/pkg/inventory/handlers.go:55.75,57.61 2 1
distributed-inventory-management/pkg/inventory/handlers.go:57.61,60.3 2 1
distributed-inventory-management/pkg/inventory/handlers.go:62.2,62.38 1 1
distributed-inventory-management/pkg/inventory/handlers.go:62.38,64.3 1 1
distributed-inventory-management/pkg/inventory/handlers.go:66.2,67.16 2 1
distributed-inventory-management/pkg/inventory/handlers.go:67.16,70.3 2 0
distributed-inventory-management/pkg/inventory/handlers.go:72.2,73.26 2 1
distributed-inventory-management/pkg/inventory/handlers.go:77.85,79.62 2 1
distributed-inventory-management/pkg/inventory/handlers.go:79.62,83.3 3 1
distributed-inventory-management/pkg/inventory/handlers.go:85.2,85.50 1 1
distributed-inventory-management/pkg/inventory/handlers.go:85.50,87.3 1 1
distributed-inventory-management/pkg/inventory/handlers.go:89.2,89.43 1 1
distributed-inventory-management/pkg/inventory/handlers.go:89.43,93.3 3 0
distributed-inventory-management/pkg/inventory/handlers.go:95.2,104.4 2 1
distributed-inventory-management/pkg/inventory/handlers.go:108.73,113.2 1 1
distributed-inventory-management/pkg/inventory/handlers.go:117.63,119.56 2 1
distributed-inventory-management/pkg/inventory/handlers.go:119.56,121.3 1 0
distributed-inventory-management/pkg/inventory/handlers.go:124.85,127.56 3 1
distributed-inventory-management/pkg/inventory/handlers.go:127.56,129.3 1 0
distributed-inventory-management/pkg/inventory/handlers.go:132.86,133.22 1 1
distributed-inventory-management/pkg/inventory/handlers.go:133.22,136.3 2 1
distributed-inventory-management/pkg/inventory/handlers.go:137.2,137.23 1 1
distributed-inventory-management/pkg/inventory/handlers.go:137.23,140.3 2 1
distributed-inventory-management/pkg/inventory/handlers.go:141.2,141.29 1 1
distributed-inventory-management/pkg/inventory/handlers.go:141.29,144.3 2 1
distributed-inventory-management/pkg/inventory/handlers.go:145.2,145.13 1 1
distributed-inventory-management/pkg/inventory/handlers.go:148.96,149.23 1 1
distributed-inventory-management/pkg/inventory/handlers.go:149.23,152.3 2 1
distributed-inventory-management/pkg/inventory/handlers.go:153.2,153.21 1 1
distributed-inventory-management/pkg/inventory/handlers.go:153.21,156.3 2 1
distributed-inventory-management/pkg/inventory/handlers.go:157.2,157.23 1 1
distributed-inventory-management/pkg/inventory/handlers.go:157.23,160.3 2 1
distributed-inventory-management/pkg/inventory/handlers.go:161.2,161.23 1 1
distributed-inventory-management/pkg/inventory/handlers.go:161.23,163.3 1 1
distributed-inventory-management/pkg/inventory/handlers.go:164.2,164.13 1 1
distributed-inventory-management/pkg/inventory/handlers.go:167.114,174.14 2 1
distributed-inventory-management/pkg/inventory/handlers.go:174.14,175.38 1 1
distributed-inventory-management/pkg/inventory/handlers.go:175.38,178.4 2 1
distributed-inventory-management/pkg/inventory/handlers.go:178.9,181.4 2 1
distributed-inventory-management/pkg/inventory/handlers.go:182.8,184.3 1 1
distributed-inventory-management/pkg/inventory/handlers.go:186.2,186.13 1 1
distributed-inventory-management/pkg/inventory/handlers.go:190.46,197.2 6 1
distributed-inventory-management/pkg/store/cache.go:25.24,29.2 1 1
distributed-inventory-management/pkg/store/cache.go:32.65,38.2 4 1
distributed-inventory-management/pkg/store/cache.go:41.63,46.2 3 1
distributed-inventory-management/pkg/store/cache.go:49.54,57.29 4 1
distributed-inventory-management/pkg/store/cache.go:57.29,59.3 1 1
distributed-inventory-management/pkg/store/cache.go:63.49,68.31 4 1
distributed-inventory-management/pkg/store/cache.go:68.31,70.3 1 1
distributed-inventory-management/pkg/store/cache.go:72.2,72.14 1 1
distributed-inventory-management/pkg/store/cache.go:76.28,81.2 3 1
distributed-inventory-management/pkg/store/cache.go:84.25,89.2 3 1
distributed-inventory-management/pkg/store/checkout.go:23.76,31.2 1 1
distributed-inventory-management/pkg/store/checkout.go:34.76,36.16 2 1
distributed-inventory-management/pkg/store/checkout.go:36.16,38.3 1 1
distributed-inventory-management/pkg/store/checkout.go:39.2,42.52 3 1
distributed-inventory-management/pkg/store/checkout.go:42.52,46.17 3 1
distributed-inventory-management/pkg/store/checkout.go:46.17,47.45 1 1
distributed-inventory-management/pkg/store/checkout.go:47.45,49.5 1 1
distributed-inventory-management/pkg/store/checkout.go:50.4,51.12 2 1
distributed-inventory-management/pkg/store/checkout.go:54.3,54.19 1 1
distributed-inventory-management/pkg/store/checkout.go:54.19,58.4 3 1
distributed-inventory-management/pkg/store/checkout.go:60.3,60.27 1 1
distributed-inventory-management/pkg/store/checkout.go:60.27,62.12 2 1
distributed-inventory-management/pkg/store/checkout.go:65.3,65.29 1 1
distributed-inventory-management/pkg/store/checkout.go:65.29,67.4 1 1
distributed-inventory-management/pkg/store/checkout.go:69.3,69.25 1 0
distributed-inventory-management/pkg/store/checkout.go:69.25,71.4 1 0
distributed-inventory-management/pkg/store/checkout.go:74.2,74.37 1 1
distributed-inventory-management/pkg/store/checkout.go:77.93,79.13 2 1
distributed-inventory-management/pkg/store/checkout.go:79.13,81.3 1 1
distributed-inventory-management/pkg/store/checkout.go:82.2,82.20 1 1
distributed-inventory-management/pkg/store/checkout.go:85.82,87.2 1 1
distributed-inventory-management/pkg/store/checkout.go:89.72,91.2 1 1
distributed-inventory-management/pkg/store/checkout.go:93.91,96.2 2 1
distributed-inventory-management/pkg/store/checkout.go:98.84,100.2 1 1
distributed-inventory-management/pkg/store/checkout.go:102.80,105.2 2 1
distributed-inventory-management/pkg/store/checkout.go:107.127,108.58 1 1
distributed-inventory-management/pkg/store/checkout.go:108.58,112.3 3 1
distributed-inventory-management/pkg/store/checkout.go:115.138,125.2 4 1
distributed-inventory-management/pkg/store/checkout.go:127.130,131.2 3 1
distributed-inventory-management/pkg/store/checkout.go:133.93,136.2 2 1
distributed-inventory-management/pkg/store/checkout.go:138.102,144.2 2 1
distributed-inventory-management/pkg/store/checkout.go:146.99,149.2 2 1
distributed-inventory-management/pkg/store/checkout.go:152.122,160.16 3 1
distributed-inventory-management/pkg/store/checkout.go:160.16,162.3 1 0
distributed-inventory-management/pkg/store/checkout.go:164.2,166.16 3 1
distributed-inventory-management/pkg/store/checkout.go:166.16,168.3 1 0
distributed-inventory-management/pkg/store/checkout.go:170.2,173.16 3 1
distributed-inventory-management/pkg/store/checkout.go:173.16,175.3 1 1
distributed-inventory-management/pkg/store/checkout.go:176.2,178.38 2 1
distributed-inventory-management/pkg/store/checkout.go:178.38,180.3 1 1
distributed-inventory-management/pkg/store/checkout.go:182.2,183.73 2 1
distributed-inventory-management/pkg/store/checkout.go:183.73,185.3 1 0
distributed-inventory-management/pkg/store/checkout.go:187.2,187.26 1 1
distributed-inventory-management/pkg/store/handlers.go:19.80,24.2 1 1
distributed-inventory-management/pkg/store/handlers.go:27.79,32.13 4 1
distributed-inventory-management/pkg/store/handlers.go:32.13,35.3 2 1
distributed-inventory-management/pkg/store/handlers.go:37.2,38.56 2 1
distributed-inventory-management/pkg/store/handlers.go:38.56,40.3 1 0
distributed-inventory-management/pkg/store/handlers.go:44.83,49.60 4 1
distributed-inventory-management/pkg/store/handlers.go:49.60,51.3 1 0
distributed-inventory-management/pkg/store/handlers.go:55.80,61.61 2 1
distributed-inventory-management/pkg/store/handlers.go:61.61,64.3 2 1
distributed-inventory-management/pkg/store/handlers.go:67.2,67.22 1 1
distributed-inventory-management/pkg/store/handlers.go:67.22,70.3 2 1
distributed-inventory-management/pkg/store/handlers.go:71.2,71.23 1 1
distributed-inventory-management/pkg/store/handlers.go:71.23,74.3 2 1
distributed-inventory-management/pkg/store/handlers.go:77.2,89.16 4 1
distributed-inventory-management/pkg/store/handlers.go:89.16,93.14 3 1
distributed-inventory-management/pkg/store/handlers.go:94.29,96.38 2 1
distributed-inventory-management/pkg/store/handlers.go:97.31,99.38 2 1
distributed-inventory-management/pkg/store/handlers.go:100.37,102.48 2 1
distributed-inventory-management/pkg/store/handlers.go:103.11,105.49 2 1
distributed-inventory-management/pkg/store/handlers.go:107.8,111.3 3 1
distributed-inventory-management/pkg/store/handlers.go:114.2,114.56 1 1
distributed-inventory-management/pkg/store/handlers.go:114.56,116.3 1 0
distributed-inventory-management/pkg/store/handlers.go:120.78,126.17 2 1
distributed-inventory-management/pkg/store/handlers.go:126.17,128.3 1 0
distributed-inventory-management/pkg/store/handlers.go:132.51,138.2 5 1
distributed-inventory-management/pkg/store/poller.go:25.82,38.2 2 0
distributed-inventory-management/pkg/store/poller.go:41.33,51.6 5 0
distributed-inventory-management/pkg/store/poller.go:51.6,52.10 1 0
distributed-inventory-management/pkg/store/poller.go:53.19,54.22 1 0
distributed-inventory-management/pkg/store/poller.go:55.23,57.10 2 0
distributed-inventory-management/pkg/store/poller.go:62.39,64.2 1 0
distributed-inventory-management/pkg/store/poller.go:67.25,69.2 1 0
distributed-inventory-management/pkg/store/poller.go:72.35,76.16 3 0
distributed-inventory-management/pkg/store/poller.go:76.16,81.3 2 0
distributed-inventory-management/pkg/store/poller.go:83.2,88.28 3 0
distributed-inventory-management/pkg/store/poller.go:92.70,96.16 3 0
distributed-inventory-management/pkg/store/poller.go:96.16,98.3 1 0
distributed-inventory-management/pkg/store/poller.go:100.2,101.16 2 0
distributed-inventory-management/pkg/store/poller.go:101.16,103.3 1 0
distributed-inventory-management/pkg/store/poller.go:104.2,106.38 2 0
distributed-inventory-management/pkg/store/poller.go:106.38,108.3 1 0
distributed-inventory-management/pkg/store/poller.go:110.2,111.69 2 0
distributed-inventory-management/pkg/store/poller.go:111.69,113.3 1 0
distributed-inventory-management/pkg/store/poller.go:115.2,115.28 1 0
