mode: set
distributed-inventory-management/cmd/service-a/main.go:18.13,32.2 9 0
distributed-inventory-management/cmd/service-a/main.go:34.25,39.2 2 0
distributed-inventory-management/cmd/service-a/main.go:41.47,43.16 2 0
distributed-inventory-management/cmd/service-a/main.go:43.16,46.3 2 0
distributed-inventory-management/cmd/service-a/main.go:47.2,47.11 1 0
distributed-inventory-management/cmd/service-a/main.go:50.64,55.2 4 0
distributed-inventory-management/cmd/service-a/main.go:57.71,62.2 1 0
distributed-inventory-management/cmd/service-a/main.go:64.70,65.12 1 0
distributed-inventory-management/cmd/service-a/main.go:65.12,67.80 2 0
distributed-inventory-management/cmd/service-a/main.go:67.80,70.4 2 0
distributed-inventory-management/cmd/service-a/main.go:74.30,78.2 3 0
distributed-inventory-management/cmd/service-a/main.go:80.66,86.45 4 0
distributed-inventory-management/cmd/service-a/main.go:86.45,89.3 2 0
distributed-inventory-management/cmd/service-a/main.go:91.2,91.54 1 0
distributed-inventory-management/cmd/service-a/main.go:95.43,109.29 2 0
distributed-inventory-management/cmd/service-a/main.go:109.29,115.18 1 0
distributed-inventory-management/cmd/service-a/main.go:115.18,120.4 2 0
distributed-inventory-management/cmd/service-a/main.go:123.2,124.28 1 0
distributed-inventory-management/cmd/demo/main.go:27.13,30.23 2 0
distributed-inventory-management/cmd/demo/main.go:30.23,32.3 1 0
distributed-inventory-management/cmd/demo/main.go:32.8,34.17 2 0
distributed-inventory-management/cmd/demo/main.go:34.17,37.4 2 0
distributed-inventory-management/cmd/demo/main.go:37.9,39.4 1 0
distributed-inventory-management/cmd/demo/main.go:41.2,41.56 1 0
distributed-inventory-management/cmd/demo/main.go:44.13,49.24 3 0
distributed-inventory-management/cmd/demo/main.go:49.24,51.3 1 0
distributed-inventory-management/cmd/demo/main.go:54.2,54.34 1 0
distributed-inventory-management/cmd/demo/main.go:54.34,56.3 1 0
distributed-inventory-management/cmd/demo/main.go:59.2,67.40 4 0
distributed-inventory-management/cmd/demo/main.go:70.29,73.26 2 0
distributed-inventory-management/cmd/demo/main.go:73.26,74.73 1 0
distributed-inventory-management/cmd/demo/main.go:74.73,77.4 2 0
distributed-inventory-management/cmd/demo/main.go:78.3,78.30 1 0
distributed-inventory-management/cmd/demo/main.go:81.2,81.14 1 0
distributed-inventory-management/cmd/demo/main.go:84.42,86.16 2 0
distributed-inventory-management/cmd/demo/main.go:86.16,88.3 1 0
distributed-inventory-management/cmd/demo/main.go:89.2,90.41 2 0
distributed-inventory-management/cmd/demo/main.go:93.39,96.26 2 0
distributed-inventory-management/cmd/demo/main.go:96.26,99.17 2 0
distributed-inventory-management/cmd/demo/main.go:99.17,101.12 2 0
distributed-inventory-management/cmd/demo/main.go:103.3,106.68 3 0
distributed-inventory-management/cmd/demo/main.go:106.68,108.12 2 0
distributed-inventory-management/cmd/demo/main.go:112.3,112.75 1 0
distributed-inventory-management/cmd/demo/main.go:112.75,115.4 2 0
distributed-inventory-management/cmd/demo/main.go:117.3,117.30 1 0
distributed-inventory-management/cmd/demo/main.go:120.2,120.14 1 0
distributed-inventory-management/cmd/demo/main.go:123.27,136.16 6 0
distributed-inventory-management/cmd/demo/main.go:136.16,139.3 2 0
distributed-inventory-management/cmd/demo/main.go:141.2,141.17 1 0
distributed-inventory-management/cmd/demo/main.go:141.17,144.3 2 0
distributed-inventory-management/cmd/demo/main.go:146.2,146.58 1 0
distributed-inventory-management/cmd/demo/main.go:146.58,148.3 1 0
distributed-inventory-management/cmd/demo/main.go:148.8,150.3 1 0
distributed-inventory-management/cmd/demo/main.go:151.2,151.15 1 0
distributed-inventory-management/cmd/demo/main.go:154.31,167.27 7 0
distributed-inventory-management/cmd/demo/main.go:167.27,169.24 2 0
distributed-inventory-management/cmd/demo/main.go:169.24,178.18 4 0
distributed-inventory-management/cmd/demo/main.go:178.18,183.5 1 0
distributed-inventory-management/cmd/demo/main.go:183.10,183.26 1 0
distributed-inventory-management/cmd/demo/main.go:183.26,185.5 1 0
distributed-inventory-management/cmd/demo/main.go:185.10,190.5 1 0
distributed-inventory-management/cmd/demo/main.go:194.2,199.33 4 0
distributed-inventory-management/cmd/demo/main.go:199.33,201.20 1 0
distributed-inventory-management/cmd/demo/main.go:201.20,202.62 1 0
distributed-inventory-management/cmd/demo/main.go:202.62,204.5 1 0
distributed-inventory-management/cmd/demo/main.go:208.2,211.23 3 0
distributed-inventory-management/cmd/demo/main.go:211.23,213.3 1 0
distributed-inventory-management/cmd/demo/main.go:213.8,215.3 1 0
distributed-inventory-management/cmd/demo/main.go:218.2,219.22 2 0
distributed-inventory-management/cmd/demo/main.go:219.22,221.3 1 0
distributed-inventory-management/cmd/demo/main.go:221.8,221.71 1 0
distributed-inventory-management/cmd/demo/main.go:221.71,223.3 1 0
distributed-inventory-management/cmd/demo/main.go:223.8,225.3 1 0
distributed-inventory-management/cmd/demo/main.go:226.2,226.15 1 0
distributed-inventory-management/cmd/demo/main.go:229.33,243.23 7 0
distributed-inventory-management/cmd/demo/main.go:243.23,245.3 1 0
distributed-inventory-management/cmd/demo/main.go:245.8,253.17 4 0
distributed-inventory-management/cmd/demo/main.go:253.17,255.4 1 0
distributed-inventory-management/cmd/demo/main.go:255.9,260.4 3 0
distributed-inventory-management/cmd/demo/main.go:262.2,262.15 1 0
distributed-inventory-management/cmd/demo/main.go:265.22,278.16 4 0
distributed-inventory-management/cmd/demo/main.go:278.16,280.3 1 0
distributed-inventory-management/cmd/demo/main.go:282.2,283.16 2 0
distributed-inventory-management/cmd/demo/main.go:283.16,285.3 1 0
distributed-inventory-management/cmd/demo/main.go:286.2,288.43 2 0
distributed-inventory-management/cmd/demo/main.go:288.43,290.3 1 0
distributed-inventory-management/cmd/demo/main.go:293.2,295.31 3 0
distributed-inventory-management/cmd/demo/main.go:295.31,297.24 2 0
distributed-inventory-management/cmd/demo/main.go:297.24,300.4 2 0
distributed-inventory-management/cmd/demo/main.go:301.3,301.30 1 0
distributed-inventory-management/cmd/demo/main.go:303.2,303.102 1 0
distributed-inventory-management/cmd/demo/main.go:306.71,317.16 4 0
distributed-inventory-management/cmd/demo/main.go:317.16,319.3 1 0
distributed-inventory-management/cmd/demo/main.go:321.2,322.16 2 0
distributed-inventory-management/cmd/demo/main.go:322.16,324.3 1 0
distributed-inventory-management/cmd/demo/main.go:325.2,327.43 2 0
distributed-inventory-management/cmd/demo/main.go:327.43,329.3 1 0
distributed-inventory-management/cmd/demo/main.go:332.89,334.16 2 0
distributed-inventory-management/cmd/demo/main.go:334.16,336.3 1 0
distributed-inventory-management/cmd/demo/main.go:338.2,339.16 2 0
distributed-inventory-management/cmd/demo/main.go:339.16,341.3 1 0
distributed-inventory-management/cmd/demo/main.go:342.2,345.67 3 0
distributed-inventory-management/cmd/demo/main.go:345.67,347.3 1 0
distributed-inventory-management/cmd/demo/main.go:349.2,349.20 1 0
distributed-inventory-management/cmd/demo/main.go:352.56,354.16 2 0
distributed-inventory-management/cmd/demo/main.go:354.16,357.3 2 0
distributed-inventory-management/cmd/demo/main.go:358.2,362.13 4 0
distributed-inventory-management/cmd/demo/main.go:365.56,367.16 2 0
distributed-inventory-management/cmd/demo/main.go:367.16,370.3 2 0
distributed-inventory-management/cmd/demo/main.go:371.2,375.13 4 0
distributed-inventory-management/cmd/service-b/main.go:18.13,33.2 10 0
distributed-inventory-management/cmd/service-b/main.go:41.25,46.2 2 0
distributed-inventory-management/cmd/service-b/main.go:48.44,59.2 5 0
distributed-inventory-management/cmd/service-b/main.go:61.86,66.2 4 0
distributed-inventory-management/cmd/service-b/main.go:68.106,72.2 3 0
distributed-inventory-management/cmd/service-b/main.go:74.65,78.2 3 0
distributed-inventory-management/cmd/service-b/main.go:80.71,85.2 1 0
distributed-inventory-management/cmd/service-b/main.go:87.76,88.12 1 0
distributed-inventory-management/cmd/service-b/main.go:88.12,94.80 2 0
distributed-inventory-management/cmd/service-b/main.go:94.80,97.4 2 0
distributed-inventory-management/cmd/service-b/main.go:101.30,105.2 3 0
distributed-inventory-management/cmd/service-b/main.go:107.66,113.45 4 0
distributed-inventory-management/cmd/service-b/main.go:113.45,116.3 2 0
distributed-inventory-management/cmd/service-b/main.go:118.2,118.54 1 0
distributed-inventory-management/pkg/inventory/database.go:33.52,35.16 2 1
distributed-inventory-management/pkg/inventory/database.go:35.16,37.3 1 0
distributed-inventory-management/pkg/inventory/database.go:39.2,39.51 1 1
distributed-inventory-management/pkg/inventory/database.go:39.51,42.3 2 0
distributed-inventory-management/pkg/inventory/database.go:44.2,49.46 2 1
distributed-inventory-management/pkg/inventory/database.go:49.46,52.3 2 0
distributed-inventory-management/pkg/inventory/database.go:54.2,54.22 1 1
distributed-inventory-management/pkg/inventory/database.go:57.47,58.62 1 1
distributed-inventory-management/pkg/inventory/database.go:58.62,60.3 1 0
distributed-inventory-management/pkg/inventory/database.go:62.2,62.64 1 1
distributed-inventory-management/pkg/inventory/database.go:62.64,64.3 1 0
distributed-inventory-management/pkg/inventory/database.go:66.2,66.12 1 1
distributed-inventory-management/pkg/inventory/database.go:70.39,81.2 3 1
distributed-inventory-management/pkg/inventory/database.go:84.34,86.2 1 1
distributed-inventory-management/pkg/inventory/database.go:89.61,99.2 5 1
distributed-inventory-management/pkg/inventory/database.go:102.73,119.26 6 1
distributed-inventory-management/pkg/inventory/database.go:119.26,121.3 1 1
distributed-inventory-management/pkg/inventory/database.go:123.2,123.18 1 1
distributed-inventory-management/pkg/inventory/database.go:127.66,137.16 5 1
distributed-inventory-management/pkg/inventory/database.go:137.16,139.3 1 0
distributed-inventory-management/pkg/inventory/database.go:140.2,143.18 3 1
distributed-inventory-management/pkg/inventory/database.go:143.18,151.17 3 1
distributed-inventory-management/pkg/inventory/database.go:151.17,153.4 1 0
distributed-inventory-management/pkg/inventory/database.go:154.3,154.30 1 1
distributed-inventory-management/pkg/inventory/database.go:157.2,157.26 1 1
distributed-inventory-management/pkg/inventory/database.go:165.59,166.19 1 1
distributed-inventory-management/pkg/inventory/database.go:166.19,168.3 1 0
distributed-inventory-management/pkg/inventory/database.go:170.2,174.16 4 1
distributed-inventory-management/pkg/inventory/database.go:174.16,176.3 1 0
distributed-inventory-management/pkg/inventory/database.go:177.2,186.16 3 1
distributed-inventory-management/pkg/inventory/database.go:186.16,188.3 1 0
distributed-inventory-management/pkg/inventory/database.go:190.2,191.16 2 1
distributed-inventory-management/pkg/inventory/database.go:191.16,193.3 1 0
distributed-inventory-management/pkg/inventory/database.go:195.2,195.23 1 1
distributed-inventory-management/pkg/inventory/database.go:195.23,198.17 2 1
distributed-inventory-management/pkg/inventory/database.go:198.17,200.4 1 0
distributed-inventory-management/pkg/inventory/database.go:201.3,201.29 1 1
distributed-inventory-management/pkg/inventory/database.go:205.2,206.16 2 1
distributed-inventory-management/pkg/inventory/database.go:206.16,208.3 1 0
distributed-inventory-management/pkg/inventory/database.go:211.2,211.36 1 1
distributed-inventory-management/pkg/inventory/database.go:211.36,213.3 1 0
distributed-inventory-management/pkg/inventory/database.go:215.2,215.27 1 1
distributed-inventory-management/pkg/inventory/database.go:219.89,233.26 4 1
distributed-inventory-management/pkg/inventory/database.go:233.26,235.3 1 0
distributed-inventory-management/pkg/inventory/database.go:237.2,237.18 1 1
distributed-inventory-management/pkg/inventory/handlers.go:20.40,22.2 1 1
distributed-inventory-management/pkg/inventory/handlers.go:25.74,30.16 4 1
distributed-inventory-management/pkg/inventory/handlers.go:30.16,31.36 1 1
distributed-inventory-management/pkg/inventory/handlers.go:31.36,34.4 2 1
distributed-inventory-management/pkg/inventory/handlers.go:35.3,36.9 2 0
distributed-inventory-management/pkg/inventory/handlers.go:39.2,39.26 1 1
distributed-inventory-management/pkg/inventory/handlers.go:43.78,45.16 2 1
distributed-inventory-management/pkg/inventory/handlers.go:45.16,48.3 2 0
distributed-inventory-management/pkg/inventory/handlers.go:50.2,51.30 2 1
distributed-inventory-management/pkg/inventory/handlers.go:55.75,57.61 2 1
distributed-inventory-management/pkg/inventory/handlers.go:57.61,60.3 2 1
distributed-inventory-management/pkg/inventory/handlers.go:62.2,62.38 1 1
distributed-inventory-management/pkg/inventory/handlers.go:62.38,64.3 1 1
distributed-inventory-management/pkg/inventory/handlers.go:66.2,67.16 2 1
distributed-inventory-management/pkg/inventory/handlers.go:67.16,70.3 2 0
distributed-inventory-management/pkg/inventory/handlers.go:72.2,73.26 2 1
distributed-inventory-management/pkg/inventory/handlers.go:77.85,79.62 2 1
distributed-inventory-management/pkg/inventory/handlers.go:79.62,83.3 3 1
distributed-inventory-management/pkg/inventory/handlers.go:85.2,85.50 1 1
distributed-inventory-management/pkg/inventory/handlers.go:85.50,87.3 1 1
distributed-inventory-management/pkg/inventory/handlers.go:89.2,89.43 1 1
distributed-inventory-management/pkg/inventory/handlers.go:89.43,93.3 3 0
distributed-inventory-management/pkg/inventory/handlers.go:95.2,104.4 2 1
distributed-inventory-management/pkg/inventory/handlers.go:108.73,113.2 1 1
distributed-inventory-management/pkg/inventory/handlers.go:117.63,119.56 2 1
distributed-inventory-management/pkg/inventory/handlers.go:119.56,122.3 1 0
distributed-inventory-management/pkg/inventory/handlers.go:125.85,128.56 3 1
distributed-inventory-management/pkg/inventory/handlers.go:128.56,130.3 1 0
distributed-inventory-management/pkg/inventory/handlers.go:133.86,134.22 1 1
distributed-inventory-management/pkg/inventory/handlers.go:134.22,137.3 2 1
distributed-inventory-management/pkg/inventory/handlers.go:138.2,138.23 1 1
distributed-inventory-management/pkg/inventory/handlers.go:138.23,141.3 2 1
distributed-inventory-management/pkg/inventory/handlers.go:142.2,142.29 1 1
distributed-inventory-management/pkg/inventory/handlers.go:142.29,145.3 2 1
distributed-inventory-management/pkg/inventory/handlers.go:146.2,146.13 1 1
distributed-inventory-management/pkg/inventory/handlers.go:149.96,150.23 1 1
distributed-inventory-management/pkg/inventory/handlers.go:150.23,153.3 2 1
distributed-inventory-management/pkg/inventory/handlers.go:154.2,154.21 1 1
distributed-inventory-management/pkg/inventory/handlers.go:154.21,157.3 2 1
distributed-inventory-management/pkg/inventory/handlers.go:158.2,158.23 1 1
distributed-inventory-management/pkg/inventory/handlers.go:158.23,161.3 2 1
distributed-inventory-management/pkg/inventory/handlers.go:162.2,162.23 1 1
distributed-inventory-management/pkg/inventory/handlers.go:162.23,164.3 1 1
distributed-inventory-management/pkg/inventory/handlers.go:165.2,165.13 1 1
distributed-inventory-management/pkg/inventory/handlers.go:168.114,175.14 2 1
distributed-inventory-management/pkg/inventory/handlers.go:175.14,176.38 1 1
distributed-inventory-management/pkg/inventory/handlers.go:176.38,179.4 2 1
distributed-inventory-management/pkg/inventory/handlers.go:179.9,182.4 2 1
distributed-inventory-management/pkg/inventory/handlers.go:183.8,185.3 1 1
distributed-inventory-management/pkg/inventory/handlers.go:187.2,187.13 1 1
distributed-inventory-management/pkg/inventory/handlers.go:191.46,198.2 6 1
distributed-inventory-management/pkg/inventory/test_setup.go:9.13,12.2 1 1
distributed-inventory-management/pkg/inventory/test_setup.go:14.25,17.37 2 1
distributed-inventory-management/pkg/inventory/test_setup.go:18.15,19.26 1 0
distributed-inventory-management/pkg/inventory/test_setup.go:20.14,21.25 1 0
distributed-inventory-management/pkg/inventory/test_setup.go:22.14,23.25 1 0
distributed-inventory-management/pkg/inventory/test_setup.go:26.2,27.44 2 1
distributed-inventory-management/pkg/inventory/test_setup.go:27.44,29.3 1 0
distributed-inventory-management/pkg/inventory/test_setup.go:31.2,34.25 2 1
distributed-inventory-management/tests/testhelpers/helpers.go:20.84,27.2 4 0
distributed-inventory-management/tests/testhelpers/helpers.go:30.122,44.2 5 0
distributed-inventory-management/tests/testhelpers/helpers.go:48.67,51.16 2 0
distributed-inventory-management/tests/testhelpers/helpers.go:51.16,52.59 1 0
distributed-inventory-management/tests/testhelpers/helpers.go:55.2,59.12 2 0
distributed-inventory-management/tests/testhelpers/helpers.go:59.12,61.3 1 0
distributed-inventory-management/tests/testhelpers/helpers.go:64.2,66.41 2 0
distributed-inventory-management/tests/testhelpers/helpers.go:71.97,73.82 1 0
distributed-inventory-management/tests/testhelpers/helpers.go:73.82,76.3 2 0
distributed-inventory-management/tests/testhelpers/helpers.go:79.2,80.16 2 0
distributed-inventory-management/tests/testhelpers/helpers.go:80.16,81.59 1 0
distributed-inventory-management/tests/testhelpers/helpers.go:84.2,88.12 2 0
distributed-inventory-management/tests/testhelpers/helpers.go:88.12,90.3 1 0
distributed-inventory-management/tests/testhelpers/helpers.go:93.2,95.41 2 0
distributed-inventory-management/tests/testhelpers/helpers.go:108.3,129.19 14 0
distributed-inventory-management/tests/testhelpers/helpers.go:129.19,133.3 3 0
distributed-inventory-management/tests/testhelpers/helpers.go:135.2,135.73 1 0
distributed-inventory-management/tests/testhelpers/helpers.go:149.3,170.19 14 0
distributed-inventory-management/tests/testhelpers/helpers.go:170.19,174.3 3 0
distributed-inventory-management/tests/testhelpers/helpers.go:176.2,176.73 1 0
distributed-inventory-management/tests/testhelpers/logging.go:9.13,11.2 1 0
distributed-inventory-management/tests/testhelpers/logging.go:34.25,39.37 2 0
distributed-inventory-management/tests/testhelpers/logging.go:40.15,41.26 1 0
distributed-inventory-management/tests/testhelpers/logging.go:42.14,43.25 1 0
distributed-inventory-management/tests/testhelpers/logging.go:44.14,45.25 1 0
distributed-inventory-management/tests/testhelpers/logging.go:46.15,47.26 1 0
distributed-inventory-management/tests/testhelpers/logging.go:51.2,52.44 2 0
distributed-inventory-management/tests/testhelpers/logging.go:52.44,54.3 1 0
distributed-inventory-management/tests/testhelpers/logging.go:57.2,60.25 2 0
distributed-inventory-management/pkg/store/cache.go:25.24,29.2 1 1
distributed-inventory-management/pkg/store/cache.go:32.65,38.2 4 1
distributed-inventory-management/pkg/store/cache.go:41.63,46.2 3 1
distributed-inventory-management/pkg/store/cache.go:49.54,57.29 4 1
distributed-inventory-management/pkg/store/cache.go:57.29,59.3 1 1
distributed-inventory-management/pkg/store/cache.go:63.49,68.31 4 1
distributed-inventory-management/pkg/store/cache.go:68.31,70.3 1 1
distributed-inventory-management/pkg/store/cache.go:72.2,72.14 1 1
distributed-inventory-management/pkg/store/cache.go:76.28,81.2 3 1
distributed-inventory-management/pkg/store/cache.go:84.25,89.2 3 1
distributed-inventory-management/pkg/store/checkout.go:23.76,31.2 1 1
distributed-inventory-management/pkg/store/checkout.go:34.76,37.13 2 1
distributed-inventory-management/pkg/store/checkout.go:37.13,39.3 1 1
distributed-inventory-management/pkg/store/checkout.go:41.2,44.52 3 1
distributed-inventory-management/pkg/store/checkout.go:44.52,48.17 3 1
distributed-inventory-management/pkg/store/checkout.go:48.17,51.31 2 1
distributed-inventory-management/pkg/store/checkout.go:51.31,53.5 1 1
distributed-inventory-management/pkg/store/checkout.go:54.4,54.12 1 1
distributed-inventory-management/pkg/store/checkout.go:57.3,57.19 1 1
distributed-inventory-management/pkg/store/checkout.go:57.19,62.4 4 1
distributed-inventory-management/pkg/store/checkout.go:64.3,64.27 1 1
distributed-inventory-management/pkg/store/checkout.go:64.27,66.12 2 1
distributed-inventory-management/pkg/store/checkout.go:69.3,69.29 1 1
distributed-inventory-management/pkg/store/checkout.go:69.29,72.4 2 1
distributed-inventory-management/pkg/store/checkout.go:74.3,74.25 1 0
distributed-inventory-management/pkg/store/checkout.go:74.25,76.4 1 0
distributed-inventory-management/pkg/store/checkout.go:79.2,79.37 1 1
distributed-inventory-management/pkg/store/checkout.go:82.127,83.58 1 1
distributed-inventory-management/pkg/store/checkout.go:83.58,87.3 3 1
distributed-inventory-management/pkg/store/checkout.go:90.138,109.2 7 1
distributed-inventory-management/pkg/store/checkout.go:111.93,114.2 2 1
distributed-inventory-management/pkg/store/checkout.go:117.122,125.16 3 1
distributed-inventory-management/pkg/store/checkout.go:125.16,127.3 1 0
distributed-inventory-management/pkg/store/checkout.go:129.2,131.16 3 1
distributed-inventory-management/pkg/store/checkout.go:131.16,133.3 1 0
distributed-inventory-management/pkg/store/checkout.go:135.2,138.16 3 1
distributed-inventory-management/pkg/store/checkout.go:138.16,140.3 1 1
distributed-inventory-management/pkg/store/checkout.go:141.2,143.38 2 1
distributed-inventory-management/pkg/store/checkout.go:143.38,145.3 1 1
distributed-inventory-management/pkg/store/checkout.go:147.2,148.73 2 1
distributed-inventory-management/pkg/store/checkout.go:148.73,150.3 1 0
distributed-inventory-management/pkg/store/checkout.go:152.2,152.26 1 1
distributed-inventory-management/pkg/store/handlers.go:20.80,25.2 1 1
distributed-inventory-management/pkg/store/handlers.go:28.79,33.13 4 1
distributed-inventory-management/pkg/store/handlers.go:33.13,36.3 2 1
distributed-inventory-management/pkg/store/handlers.go:38.2,39.56 2 1
distributed-inventory-management/pkg/store/handlers.go:39.56,42.3 1 0
distributed-inventory-management/pkg/store/handlers.go:46.83,51.60 4 1
distributed-inventory-management/pkg/store/handlers.go:51.60,54.3 1 0
distributed-inventory-management/pkg/store/handlers.go:58.80,64.61 2 1
distributed-inventory-management/pkg/store/handlers.go:64.61,67.3 2 1
distributed-inventory-management/pkg/store/handlers.go:70.2,70.22 1 1
distributed-inventory-management/pkg/store/handlers.go:70.22,73.3 2 1
distributed-inventory-management/pkg/store/handlers.go:74.2,74.23 1 1
distributed-inventory-management/pkg/store/handlers.go:74.23,77.3 2 1
distributed-inventory-management/pkg/store/handlers.go:80.2,92.16 4 1
distributed-inventory-management/pkg/store/handlers.go:92.16,96.14 3 1
distributed-inventory-management/pkg/store/handlers.go:97.29,99.38 2 1
distributed-inventory-management/pkg/store/handlers.go:100.31,102.38 2 1
distributed-inventory-management/pkg/store/handlers.go:103.37,105.48 2 1
distributed-inventory-management/pkg/store/handlers.go:106.11,108.49 2 1
distributed-inventory-management/pkg/store/handlers.go:110.8,114.3 3 1
distributed-inventory-management/pkg/store/handlers.go:117.2,117.56 1 1
distributed-inventory-management/pkg/store/handlers.go:117.56,119.3 1 0
distributed-inventory-management/pkg/store/handlers.go:123.78,129.17 2 1
distributed-inventory-management/pkg/store/handlers.go:129.17,131.3 1 0
distributed-inventory-management/pkg/store/handlers.go:135.51,141.2 5 1
distributed-inventory-management/pkg/store/poller.go:28.82,43.2 2 0
distributed-inventory-management/pkg/store/poller.go:46.33,56.6 5 0
distributed-inventory-management/pkg/store/poller.go:56.6,57.10 1 0
distributed-inventory-management/pkg/store/poller.go:58.19,59.22 1 0
distributed-inventory-management/pkg/store/poller.go:60.23,62.10 2 0
distributed-inventory-management/pkg/store/poller.go:67.39,69.2 1 0
distributed-inventory-management/pkg/store/poller.go:72.25,74.2 1 0
distributed-inventory-management/pkg/store/poller.go:77.35,81.16 3 0
distributed-inventory-management/pkg/store/poller.go:81.16,93.10 4 0
distributed-inventory-management/pkg/store/poller.go:94.30,95.10 1 0
distributed-inventory-management/pkg/store/poller.go:96.23,97.10 1 0
distributed-inventory-management/pkg/store/poller.go:102.2,102.31 1 0
distributed-inventory-management/pkg/store/poller.go:102.31,106.3 2 0
distributed-inventory-management/pkg/store/poller.go:108.2,113.28 3 0
distributed-inventory-management/pkg/store/poller.go:117.70,121.16 3 0
distributed-inventory-management/pkg/store/poller.go:121.16,123.3 1 0
distributed-inventory-management/pkg/store/poller.go:125.2,126.16 2 0
distributed-inventory-management/pkg/store/poller.go:126.16,128.3 1 0
distributed-inventory-management/pkg/store/poller.go:129.2,131.38 2 0
distributed-inventory-management/pkg/store/poller.go:131.38,133.3 1 0
distributed-inventory-management/pkg/store/poller.go:135.2,136.69 2 0
distributed-inventory-management/pkg/store/poller.go:136.69,138.3 1 0
distributed-inventory-management/pkg/store/poller.go:140.2,140.28 1 0
distributed-inventory-management/pkg/store/poller.go:145.61,151.36 2 0
distributed-inventory-management/pkg/store/poller.go:151.36,153.3 1 0
distributed-inventory-management/pkg/store/poller.go:157.2,159.24 2 0
distributed-inventory-management/pkg/store/test_setup.go:9.13,12.2 1 1
distributed-inventory-management/pkg/store/test_setup.go:14.25,17.37 2 1
distributed-inventory-management/pkg/store/test_setup.go:18.15,19.26 1 0
distributed-inventory-management/pkg/store/test_setup.go:20.14,21.25 1 0
distributed-inventory-management/pkg/store/test_setup.go:22.14,23.25 1 0
distributed-inventory-management/pkg/store/test_setup.go:26.2,27.44 2 1
distributed-inventory-management/pkg/store/test_setup.go:27.44,29.3 1 0
distributed-inventory-management/pkg/store/test_setup.go:31.2,34.25 2 1
